<?xml version="1.0" encoding="UTF-8"?>
<!-- Generated by org.testng.reporters.JUnitXMLReporter -->
<testsuite ignored="1" hostname="PoojaJalavadi" failures="0" tests="2" name="StandaloneTest" time="32.488" errors="0" timestamp="2023-07-26T01:38:57 IST">
  <testcase classname="testNgMavenframework.Tests.StandaloneTest" name="submitorder" time="14.303"/>
  <testcase classname="testNgMavenframework.Tests.StandaloneTest" name="submitorder" time="14.334"/>
  <testcase classname="testNgMavenframework.Tests.StandaloneTest" name="orderHistoryTest" time="0.0">
    <ignored/>
  </testcase> <!-- orderHistoryTest -->
</testsuite> <!-- StandaloneTest -->
