<?xml version="1.0" encoding="UTF-8"?>
<testng-results ignored="0" total="2" passed="2" failed="0" skipped="0">
  <reporter-output>
  </reporter-output>
  <suite started-at="2023-07-26T01:38:24 IST" name="Suite" finished-at="2023-07-26T01:38:57 IST" duration-ms="32488">
    <groups>
      <group name="purchase">
        <method signature="StandaloneTest.submitorder(java.lang.String,java.lang.String)[pri:0, instance:testNgMavenframework.Tests.StandaloneTest@b2c9a9c]" name="submitorder" class="testNgMavenframework.Tests.StandaloneTest"/>
      </group> <!-- purchase -->
    </groups>
    <test started-at="2023-07-26T01:38:24 IST" name="ErrorValidationTest" finished-at="2023-07-26T01:38:24 IST" duration-ms="10">
    </test> <!-- ErrorValidationTest -->
    <test started-at="2023-07-26T01:38:24 IST" name="StandaloneTest" finished-at="2023-07-26T01:38:57 IST" duration-ms="32488">
      <class name="testNgMavenframework.Tests.StandaloneTest">
        <test-method is-config="true" signature="luanchapplication()[pri:0, instance:testNgMavenframework.Tests.StandaloneTest@b2c9a9c]" started-at="2023-07-26T01:38:24 IST" name="luanchapplication" finished-at="2023-07-26T01:38:26 IST" duration-ms="2131" status="PASS">
          <reporter-output>
          </reporter-output>
        </test-method> <!-- luanchapplication -->
        <test-method signature="submitorder(java.lang.String,java.lang.String)[pri:0, instance:testNgMavenframework.Tests.StandaloneTest@b2c9a9c]" started-at="2023-07-26T01:38:26 IST" name="submitorder" data-provider="getData" finished-at="2023-07-26T01:38:41 IST" duration-ms="14303" status="PASS">
          <params>
            <param index="0">
              <value>
                <![CDATA[poojapooja@gmail.com]]>
              </value>
            </param>
            <param index="1">
              <value>
                <![CDATA[Pooja@123]]>
              </value>
            </param>
          </params>
          <reporter-output>
          </reporter-output>
        </test-method> <!-- submitorder -->
        <test-method is-config="true" signature="teardown()[pri:0, instance:testNgMavenframework.Tests.StandaloneTest@b2c9a9c]" started-at="2023-07-26T01:38:41 IST" name="teardown" finished-at="2023-07-26T01:38:41 IST" duration-ms="182" status="PASS">
          <reporter-output>
          </reporter-output>
        </test-method> <!-- teardown -->
        <test-method is-config="true" signature="luanchapplication()[pri:0, instance:testNgMavenframework.Tests.StandaloneTest@b2c9a9c]" started-at="2023-07-26T01:38:41 IST" name="luanchapplication" finished-at="2023-07-26T01:38:42 IST" duration-ms="1369" status="PASS">
          <reporter-output>
          </reporter-output>
        </test-method> <!-- luanchapplication -->
        <test-method signature="submitorder(java.lang.String,java.lang.String)[pri:0, instance:testNgMavenframework.Tests.StandaloneTest@b2c9a9c]" started-at="2023-07-26T01:38:42 IST" name="submitorder" data-provider="getData" finished-at="2023-07-26T01:38:57 IST" duration-ms="14334" status="PASS">
          <params>
            <param index="0">
              <value>
                <![CDATA[bharu@gmail.com]]>
              </value>
            </param>
            <param index="1">
              <value>
                <![CDATA[Bharu@123]]>
              </value>
            </param>
          </params>
          <reporter-output>
          </reporter-output>
        </test-method> <!-- submitorder -->
        <test-method is-config="true" signature="teardown()[pri:0, instance:testNgMavenframework.Tests.StandaloneTest@b2c9a9c]" started-at="2023-07-26T01:38:57 IST" name="teardown" finished-at="2023-07-26T01:38:57 IST" duration-ms="118" status="PASS">
          <reporter-output>
          </reporter-output>
        </test-method> <!-- teardown -->
      </class> <!-- testNgMavenframework.Tests.StandaloneTest -->
    </test> <!-- StandaloneTest -->
  </suite> <!-- Suite -->
</testng-results>
